
    [ + ] - VENTA - de 13 de BBAR a 8500.0 pesos.
 con plazo t1 y validez 2025-04-14T11:33:38.008Z a las 10:33:41
 Total: 82.87520718801798 dolares, 103870.0 pesos.
 Precio del ticket: 6.375015937539844 dolares
    [ + ] - VENTA - de 23 de GGAL a 8500.0 pesos.
 con plazo t1 y validez 2025-04-14T11:33:48.571Z a las 10:33:52
 Total: 146.6253665634164 dolares, 147200.0 pesos.
 Precio del ticket: 6.375015937539844 dolares
    [ + ] - VENTA - de 23 de TGSU2 a 8030.0 pesos.
 con plazo t1 y validez 2025-04-14T12:06:45.141Z a las 11:06:48
 Total: 153.6317961003527 dolares, 160540.0 pesos.
 Precio del ticket: 6.679643308710986 dolares
    [ + ] - COMPRA - de 3 de HUT a 67000.0 pesos.
 con plazo t1 y validez 2025-04-16T13:13:54.183Z a las 12:13:55
 Total: 167.27974833136372 dolares, 200700.0 pesos.
 Precio del ticket: 55.75991611045457 dolares.
 Con un dolar MEP de 1201.58
    [ + ] - COMPRA - de 61 de PAMP a 3600.0 pesos.
 con plazo t1 y validez 2025-04-16T17:13:11.160Z a las 16:13:12
 Total: 187.2761384956507 dolares, 219295.0 pesos.
 Precio del ticket: 3.070100631076241 dolares.
 Con un dolar MEP de 1172.6